Server is running and waiting for connections..
Client is shutting down
Server is shutting down LogEvent
Server is shutting down LogEvent
Server is running and waiting for connections..
New client connected: Socket[addr=/127.0.0.1,port=53014,localport=1234]
User client1 connected
Client is shutting down
Client is shutting down
New client connected: Socket[addr=/127.0.0.1,port=53027,localport=1234]
User aa connected
Server is shutting down LogEvent
Server is shutting down LogEvent
Client Handler error : Socket closed
Client is shutting down
Server is running and waiting for connections..
New client connected: Socket[addr=/127.0.0.1,port=53304,localport=1234]
User client1 connected
[client1]: hello all
Client is shutting down
Client is shutting down
New client connected: Socket[addr=/127.0.0.1,port=56001,localport=1234]
User abc connected
Server is shutting down LogEvent
Server is shutting down LogEvent
Client Handler error : Socket closed
Client is shutting down
Server is running and waiting for connections..
New client connected: Socket[addr=/127.0.0.1,port=56027,localport=1234]
User client1 connected
New client connected: Socket[addr=/127.0.0.1,port=56042,localport=1234]
User client2 connected
[client1]: hello all
Client is shutting down
Client is shutting down
Server is shutting down LogEvent
Server is shutting down LogEvent
Server is running and waiting for connections..
New client connected: Socket[addr=/127.0.0.1,port=61175,localport=1234]
User client1 connected
New client connected: Socket[addr=/127.0.0.1,port=61181,localport=1234]
User client2 connected
[client1]: hello all
Client is shutting down
Server is shutting down LogEvent
Server is shutting down LogEvent
Client Handler error : Socket closed
Server is running and waiting for connections..
New client connected: Socket[addr=/127.0.0.1,port=61252,localport=1234]
User client1 connected
[client1]: allllllll
New client connected: Socket[addr=/127.0.0.1,port=61264,localport=1234]
User client2 connected
[client1]: lalala
Client is shutting down
Server is shutting down LogEvent
Server is running and waiting for connections..
New client connected: Socket[addr=/127.0.0.1,port=60751,localport=1234]
User abc connected
[abc]: hello all
Client is shutting down
Server is shutting down LogEvent
Server is running and waiting for connections..
New client connected: Socket[addr=/127.0.0.1,port=60801,localport=1234]
User clientAAAAA connected
New client connected: Socket[addr=/127.0.0.1,port=60810,localport=1234]
User clientBBBBB connected
[clientAAAAA]: zzzzzzzzzzzzzzzzzzzzzzzzzzzz
Client is shutting down
New client connected: Socket[addr=/127.0.0.1,port=60831,localport=1234]
User clientCCCCC connected
Server is shutting down LogEvent
Client Handler error : Socket closed
Server is shutting down LogEvent
Client is shutting down
Server is running and waiting for connections..
New client connected: Socket[addr=/127.0.0.1,port=60894,localport=1234]
User abc connected
Server is shutting down LogEvent
Client Handler error : Socket closed
Server is shutting down LogEvent
Server is running and waiting for connections..
Client is shutting down
New client connected: Socket[addr=/127.0.0.1,port=60961,localport=1234]
User aaa connected
[bbb] Not Found
Server is shutting down LogEvent
Client Handler error : Socket closed
Server is shutting down LogEvent
Client is shutting down
Server is running and waiting for connections..
New client connected: Socket[addr=/127.0.0.1,port=49302,localport=1234]
User abc connected
New client connected: Socket[addr=/127.0.0.1,port=52384,localport=1234]
User def connected
[abc]: hello all
[def] to [abc] : hwo r u
Client is shutting down
New client connected: Socket[addr=/127.0.0.1,port=52402,localport=1234]
User ddd connected
Server is shutting down LogEvent
Client Handler error : Socket closed
Client Handler error : Socket closed
Client is shutting down
Server is running and waiting for connections..
New client connected: Socket[addr=/127.0.0.1,port=52438,localport=1234]
User aaa connected
New client connected: Socket[addr=/127.0.0.1,port=52446,localport=1234]
User bbb connected
[aaa]: hellooooooooo
[bbb] to [aaa] : yeahhhhhhhh
Client is shutting down
New client connected: Socket[addr=/127.0.0.1,port=53340,localport=1234]
User ggg connected
